<?xml version="1.0" encoding="UTF-8"?>
<testng-results ignored="0" total="3" passed="3" failed="0" skipped="0">
  <reporter-output>
  </reporter-output>
  <suite started-at="2023-10-11T11:57:42 IST" name="Default suite" finished-at="2023-10-11T11:59:20 IST" duration-ms="98037">
    <groups>
    </groups>
    <test started-at="2023-10-11T11:57:42 IST" name="Default test" finished-at="2023-10-11T11:59:20 IST" duration-ms="98037">
      <class name="com.Equarz.Testcases.LogOutTest">
        <test-method is-config="true" signature="initialize()[pri:0, instance:com.Equarz.Testcases.LogOutTest@397fbdb]" started-at="2023-10-11T11:57:42 IST" name="initialize" finished-at="2023-10-11T11:58:13 IST" duration-ms="30809" status="PASS">
          <reporter-output>
          </reporter-output>
        </test-method> <!-- initialize -->
        <test-method signature="back()[pri:0, instance:com.Equarz.Testcases.LogOutTest@397fbdb]" started-at="2023-10-11T11:58:13 IST" name="back" finished-at="2023-10-11T11:58:27 IST" duration-ms="14588" status="PASS">
          <reporter-output>
          </reporter-output>
        </test-method> <!-- back -->
        <test-method is-config="true" signature="initialize()[pri:0, instance:com.Equarz.Testcases.LogOutTest@397fbdb]" started-at="2023-10-11T11:58:27 IST" name="initialize" finished-at="2023-10-11T11:58:54 IST" duration-ms="26907" status="PASS">
          <reporter-output>
          </reporter-output>
        </test-method> <!-- initialize -->
        <test-method signature="logout()[pri:0, instance:com.Equarz.Testcases.LogOutTest@397fbdb]" started-at="2023-10-11T11:58:54 IST" name="logout" finished-at="2023-10-11T11:58:58 IST" duration-ms="3338" status="PASS">
          <reporter-output>
          </reporter-output>
        </test-method> <!-- logout -->
        <test-method is-config="true" signature="initialize()[pri:0, instance:com.Equarz.Testcases.LogOutTest@397fbdb]" started-at="2023-10-11T11:58:58 IST" name="initialize" finished-at="2023-10-11T11:59:15 IST" duration-ms="17481" status="PASS">
          <reporter-output>
          </reporter-output>
        </test-method> <!-- initialize -->
        <test-method signature="refresh()[pri:0, instance:com.Equarz.Testcases.LogOutTest@397fbdb]" started-at="2023-10-11T11:59:15 IST" name="refresh" finished-at="2023-10-11T11:59:20 IST" duration-ms="4865" status="PASS">
          <reporter-output>
          </reporter-output>
        </test-method> <!-- refresh -->
      </class> <!-- com.Equarz.Testcases.LogOutTest -->
    </test> <!-- Default test -->
  </suite> <!-- Default suite -->
</testng-results>
