<?xml version="1.0" encoding="UTF-8"?>
<!-- Generated by org.testng.reporters.JUnitXMLReporter -->
<testsuite ignored="0" hostname="DESKTOP-C09DSQO" failures="0" tests="3" name="Default test" time="98.037" errors="0" timestamp="2023-10-11T11:59:20 IST">
  <testcase classname="com.Equarz.Testcases.LogOutTest" name="back" time="14.588"/>
  <testcase classname="com.Equarz.Testcases.LogOutTest" name="logout" time="3.338"/>
  <testcase classname="com.Equarz.Testcases.LogOutTest" name="refresh" time="4.865"/>
</testsuite> <!-- Default test -->
