<?xml version="1.0" encoding="UTF-8"?>
<!-- Generated by org.testng.reporters.JUnitXMLReporter -->
<testsuite ignored="0" hostname="DESKTOP-C09DSQO" failures="0" tests="3" name="Test" time="31.477" errors="0" timestamp="2023-10-13T12:23:57 IST">
  <testcase classname="com.Equarz.Testcases.AddressTest" name="addaddress" time="6.09"/>
  <testcase classname="com.Equarz.Testcases.AddressTest" name="editaddress" time="1.823"/>
  <testcase classname="com.Equarz.Testcases.AddressTest" name="deleteaddress" time="4.667"/>
</testsuite> <!-- Test -->
